<?xml version="1.0" encoding="UTF-8"?>
<!-- Generated by org.testng.reporters.JUnitXMLReporter -->
<testsuite ignored="0" hostname="DESKTOP-7I3TV69" failures="1" tests="1" name="Google Search Test" time="26.813" errors="0" timestamp="2025-06-26T22:32:35 IST">
  <testcase classname="com.framework.tests.GoogleSearchTest" name="verifyGoogleSearchAndClickFirstResult" time="22.898">
    <failure type="java.lang.AssertionError" message="No search results found! expected [true] but found [false]">
      <![CDATA[java.lang.AssertionError: No search results found! expected [true] but found [false]
at com.framework.tests.GoogleSearchTest.verifyGoogleSearchAndClickFirstResult(GoogleSearchTest.java:39)
at java.base/java.util.ArrayList.forEach(ArrayList.java:1597)
at java.base/java.util.concurrent.FutureTask.run(FutureTask.java:317)
at java.base/java.util.concurrent.ThreadPoolExecutor.runWorker(ThreadPoolExecutor.java:1144)
at java.base/java.util.concurrent.ThreadPoolExecutor$Worker.run(ThreadPoolExecutor.java:642)
at java.base/java.lang.Thread.run(Thread.java:1575)
... Removed 18 stack frames]]>
    </failure>
  </testcase> <!-- verifyGoogleSearchAndClickFirstResult -->
</testsuite> <!-- Google Search Test -->
